/home/arivera/stocknet/git/stocknet-code/src/ConfigLoader.py:31: YAMLLoadWarning: calling yaml.load() without Loader=... is deprecated, as the default Loader is unsafe. Please read https://msg.pyyaml.org/load for full details.
  config = yaml.load(file(config_fp, 'r'))
2022-12-03 01:02:57,221 INFO INIT: #stock: 88, #vocab+1: 29867
2022-12-03 01:02:57,225 INFO Start graph assembling...
2022-12-03 01:03:00.903305: I tensorflow/core/platform/cpu_feature_guard.cc:137] Your CPU supports instructions that this TensorFlow binary was not compiled to use: SSE4.1 SSE4.2 AVX AVX2 FMA
2022-12-03 01:03:24,035 INFO ASSEMBLE: word table #replacement: 19485
2022-12-03 01:03:24,335 INFO Word table init: done!
2022-12-03 01:03:24,337 INFO Model: all_days-5.msgs-30-words-40_word_embed-glove.vmd_in-hedge_alpha-0.5.anneal-0.005.rec-zh_batch-32.opt-adam.lr-0.001-drop-0.3-cell-gru, start a new session!
2022-12-03 01:03:24,337 INFO Epoch: 1/15 start
2022-12-03 01:11:09,798 INFO 	iter: 20, batch loss: 6.6342048645, batch acc: 0.375000
2022-12-03 01:13:31,049 INFO 	Eval, eval loss: 6.73312091827, acc: 0.487805
2022-12-03 01:19:47,483 INFO 	iter: 40, batch loss: 5.53414726257, batch acc: 0.375000
2022-12-03 01:22:09,340 INFO 	Eval, eval loss: 5.47258377075, acc: 0.487805
2022-12-03 01:28:06,547 INFO 	iter: 60, batch loss: 3.69347381592, batch acc: 0.687500
2022-12-03 01:30:29,328 INFO 	Eval, eval loss: 3.55784010887, acc: 0.487805
2022-12-03 01:36:20,892 INFO 	iter: 80, batch loss: 2.76058077812, batch acc: 0.593750
2022-12-03 01:38:44,361 INFO 	Eval, eval loss: 2.53127121925, acc: 0.487805
2022-12-03 01:44:30,516 INFO 	iter: 100, batch loss: 2.25324869156, batch acc: 0.375000
2022-12-03 01:46:55,180 INFO 	Eval, eval loss: 2.13194417953, acc: 0.478659
2022-12-03 01:52:37,374 INFO 	iter: 120, batch loss: 2.16487932205, batch acc: 0.312500
2022-12-03 01:55:02,422 INFO 	Eval, eval loss: 1.99800848961, acc: 0.510671
2022-12-03 02:00:42,453 INFO 	iter: 140, batch loss: 1.98478913307, batch acc: 0.437500
2022-12-03 02:03:13,110 INFO 	Eval, eval loss: 1.92152535915, acc: 0.518293
2022-12-03 02:07:41,430 INFO Epoch: loss: 3.507428, acc: 0.504032
2022-12-03 02:07:41,431 INFO Epoch: 2/15 start
2022-12-03 02:10:03,259 INFO 	iter: 160, batch loss: 1.93435168266, batch acc: 0.531250
2022-12-03 02:12:38,720 INFO 	Eval, eval loss: 1.88107383251, acc: 0.527439
2022-12-03 02:19:46,851 INFO 	iter: 180, batch loss: 1.84714913368, batch acc: 0.593750
2022-12-03 02:22:20,211 INFO 	Eval, eval loss: 1.82735919952, acc: 0.501524
2022-12-03 02:28:40,579 INFO 	iter: 200, batch loss: 1.78370285034, batch acc: 0.562500
2022-12-03 02:31:14,958 INFO 	Eval, eval loss: 1.74455201626, acc: 0.500000
2022-12-03 02:37:26,024 INFO 	iter: 220, batch loss: 1.62936913967, batch acc: 0.437500
2022-12-03 02:40:02,323 INFO 	Eval, eval loss: 1.59353077412, acc: 0.495427
2022-12-03 02:46:09,392 INFO 	iter: 240, batch loss: 1.60153508186, batch acc: 0.500000
2022-12-03 02:48:44,757 INFO 	Eval, eval loss: 1.44186294079, acc: 0.515244
2022-12-03 02:54:51,568 INFO 	iter: 260, batch loss: 1.37172746658, batch acc: 0.531250
2022-12-03 02:57:30,499 INFO 	Eval, eval loss: 1.37923741341, acc: 0.515244
2022-12-03 03:03:31,196 INFO 	iter: 280, batch loss: 1.32087016106, batch acc: 0.562500
2022-12-03 03:06:10,634 INFO 	Eval, eval loss: 1.28455674648, acc: 0.495427
2022-12-03 03:12:09,587 INFO 	iter: 300, batch loss: 1.30512440205, batch acc: 0.593750
2022-12-03 03:14:48,365 INFO 	Eval, eval loss: 1.19528210163, acc: 0.516768
2022-12-03 03:17:47,519 INFO Epoch: loss: 1.596338, acc: 0.506855
2022-12-03 03:17:47,520 INFO Epoch: 3/15 start
2022-12-03 03:22:15,854 INFO 	iter: 320, batch loss: 1.18207836151, batch acc: 0.437500
2022-12-03 03:24:54,114 INFO 	Eval, eval loss: 1.14467835426, acc: 0.486280
2022-12-03 03:31:39,702 INFO 	iter: 340, batch loss: 1.06055474281, batch acc: 0.625000
2022-12-03 03:34:19,633 INFO 	Eval, eval loss: 1.07861995697, acc: 0.481707
2022-12-03 03:40:38,223 INFO 	iter: 360, batch loss: 1.01400148869, batch acc: 0.593750
2022-12-03 03:43:19,660 INFO 	Eval, eval loss: 1.01843297482, acc: 0.503049
2022-12-03 03:49:31,535 INFO 	iter: 380, batch loss: 1.05586504936, batch acc: 0.406250
2022-12-03 03:52:13,982 INFO 	Eval, eval loss: 0.986517012119, acc: 0.507622
2022-12-03 03:58:28,620 INFO 	iter: 400, batch loss: 0.974843263626, batch acc: 0.437500
2022-12-03 04:01:11,653 INFO 	Eval, eval loss: 0.9809243083, acc: 0.513720
2022-12-03 04:07:12,204 INFO 	iter: 420, batch loss: 1.03791213036, batch acc: 0.437500
2022-12-03 04:09:52,380 INFO 	Eval, eval loss: 0.945402085781, acc: 0.500000
2022-12-03 04:15:39,540 INFO 	iter: 440, batch loss: 1.04818987846, batch acc: 0.468750
2022-12-03 04:18:18,074 INFO 	Eval, eval loss: 0.928408145905, acc: 0.512195
2022-12-03 04:24:01,495 INFO 	iter: 460, batch loss: 0.992686212063, batch acc: 0.500000
2022-12-03 04:26:40,292 INFO 	Eval, eval loss: 0.918698787689, acc: 0.489329
2022-12-03 04:28:08,089 INFO Epoch: loss: 1.045187, acc: 0.496774
2022-12-03 04:28:08,090 INFO Epoch: 4/15 start
2022-12-03 04:34:09,222 INFO 	iter: 480, batch loss: 0.881721019745, batch acc: 0.593750
2022-12-03 04:36:49,212 INFO 	Eval, eval loss: 0.893599808216, acc: 0.489329
2022-12-03 04:43:06,255 INFO 	iter: 500, batch loss: 0.915007591248, batch acc: 0.375000
2022-12-03 04:45:46,751 INFO 	Eval, eval loss: 0.8753054142, acc: 0.486280
2022-12-03 04:51:48,218 INFO 	iter: 520, batch loss: 0.867090463638, batch acc: 0.625000
2022-12-03 04:54:28,938 INFO 	Eval, eval loss: 0.867289245129, acc: 0.474085
2022-12-03 05:00:27,954 INFO 	iter: 540, batch loss: 0.855167388916, batch acc: 0.375000
2022-12-03 05:03:09,617 INFO 	Eval, eval loss: 0.840205073357, acc: 0.510671
2022-12-03 05:09:03,468 INFO 	iter: 560, batch loss: 0.845423817635, batch acc: 0.437500
2022-12-03 05:11:46,604 INFO 	Eval, eval loss: 0.836269676685, acc: 0.503049
2022-12-03 05:17:41,348 INFO 	iter: 580, batch loss: 0.864742994308, batch acc: 0.531250
2022-12-03 05:20:24,943 INFO 	Eval, eval loss: 0.825886189938, acc: 0.516768
2022-12-03 05:26:14,720 INFO 	iter: 600, batch loss: 0.904413104057, batch acc: 0.437500
2022-12-03 05:28:59,150 INFO 	Eval, eval loss: 0.826811373234, acc: 0.513720
2022-12-03 05:34:48,302 INFO 	iter: 620, batch loss: 0.836989164352, batch acc: 0.468750
2022-12-03 05:37:33,961 INFO 	Eval, eval loss: 0.817713677883, acc: 0.530488
2022-12-03 05:37:34,534 INFO Epoch: loss: 0.885669, acc: 0.492944
2022-12-03 05:37:34,535 INFO Epoch: 5/15 start
2022-12-03 05:45:11,010 INFO 	iter: 640, batch loss: 0.813223719597, batch acc: 0.437500
2022-12-03 05:47:58,130 INFO 	Eval, eval loss: 0.814910054207, acc: 0.500000
2022-12-03 05:54:19,388 INFO 	iter: 660, batch loss: 0.855232596397, batch acc: 0.531250
2022-12-03 05:57:06,165 INFO 	Eval, eval loss: 0.804347574711, acc: 0.522866
2022-12-03 06:03:10,667 INFO 	iter: 680, batch loss: 0.780919075012, batch acc: 0.406250
2022-12-03 06:05:58,473 INFO 	Eval, eval loss: 0.795238494873, acc: 0.507622
2022-12-03 06:11:57,317 INFO 	iter: 700, batch loss: 0.814067006111, batch acc: 0.468750
2022-12-03 06:14:46,583 INFO 	Eval, eval loss: 0.789337575436, acc: 0.501524
2022-12-03 06:20:42,412 INFO 	iter: 720, batch loss: 0.788473010063, batch acc: 0.562500
2022-12-03 06:23:32,702 INFO 	Eval, eval loss: 0.785338938236, acc: 0.519817
2022-12-03 06:29:27,912 INFO 	iter: 740, batch loss: 0.787357330322, batch acc: 0.531250
2022-12-03 06:32:19,128 INFO 	Eval, eval loss: 0.783457994461, acc: 0.503049
2022-12-03 06:38:11,743 INFO 	iter: 760, batch loss: 0.808038890362, batch acc: 0.437500
2022-12-03 06:41:03,699 INFO 	Eval, eval loss: 0.777687311172, acc: 0.498476
2022-12-03 06:45:29,900 INFO Epoch: loss: 0.823049, acc: 0.487298
2022-12-03 06:45:29,901 INFO Epoch: 6/15 start
2022-12-03 06:47:48,080 INFO 	iter: 780, batch loss: 0.790449619293, batch acc: 0.437500
2022-12-03 06:50:40,421 INFO 	Eval, eval loss: 0.778143286705, acc: 0.538110
2022-12-03 06:57:38,802 INFO 	iter: 800, batch loss: 0.770731031895, batch acc: 0.531250
2022-12-03 07:00:31,421 INFO 	Eval, eval loss: 0.778373420238, acc: 0.478659
2022-12-03 07:06:48,632 INFO 	iter: 820, batch loss: 0.78246152401, batch acc: 0.625000
2022-12-03 07:09:43,104 INFO 	Eval, eval loss: 0.765304505825, acc: 0.487805
2022-12-03 07:15:50,350 INFO 	iter: 840, batch loss: 0.779767751694, batch acc: 0.531250
2022-12-03 07:18:45,464 INFO 	Eval, eval loss: 0.761694073677, acc: 0.487805
2022-12-03 07:24:50,114 INFO 	iter: 860, batch loss: 0.797207832336, batch acc: 0.468750
2022-12-03 07:27:45,547 INFO 	Eval, eval loss: 0.760757863522, acc: 0.530488
2022-12-03 07:33:44,626 INFO 	iter: 880, batch loss: 0.740413784981, batch acc: 0.500000
2022-12-03 07:36:40,837 INFO 	Eval, eval loss: 0.759605050087, acc: 0.487805
2022-12-03 07:42:31,835 INFO 	iter: 900, batch loss: 0.812572181225, batch acc: 0.531250
2022-12-03 07:45:28,964 INFO 	Eval, eval loss: 0.756713926792, acc: 0.487805
2022-12-03 07:51:23,116 INFO 	iter: 920, batch loss: 0.781869769096, batch acc: 0.718750
2022-12-03 07:54:21,085 INFO 	Eval, eval loss: 0.759137034416, acc: 0.487805
2022-12-03 07:57:15,897 INFO Epoch: loss: 0.789848, acc: 0.501008
2022-12-03 07:57:15,898 INFO Epoch: 7/15 start
2022-12-03 08:01:35,177 INFO 	iter: 940, batch loss: 0.788409054279, batch acc: 0.531250
2022-12-03 08:04:34,581 INFO 	Eval, eval loss: 0.753649294376, acc: 0.487805
2022-12-03 08:11:20,291 INFO 	iter: 960, batch loss: 0.729603290558, batch acc: 0.500000
2022-12-03 08:14:20,612 INFO 	Eval, eval loss: 0.751032650471, acc: 0.487805
2022-12-03 08:20:33,023 INFO 	iter: 980, batch loss: 0.781279683113, batch acc: 0.468750
2022-12-03 08:23:33,977 INFO 	Eval, eval loss: 0.750767886639, acc: 0.487805
2022-12-03 08:29:33,487 INFO 	iter: 1000, batch loss: 0.750281333923, batch acc: 0.500000
2022-12-03 08:32:34,711 INFO 	Eval, eval loss: 0.74934053421, acc: 0.487805
2022-12-03 08:38:38,644 INFO 	iter: 1020, batch loss: 0.766372919083, batch acc: 0.343750
2022-12-03 08:41:41,388 INFO 	Eval, eval loss: 0.746248304844, acc: 0.487805
2022-12-03 08:47:39,890 INFO 	iter: 1040, batch loss: 0.81715631485, batch acc: 0.406250
2022-12-03 08:50:42,844 INFO 	Eval, eval loss: 0.745055496693, acc: 0.487805
2022-12-03 08:56:38,710 INFO 	iter: 1060, batch loss: 0.778440475464, batch acc: 0.531250
2022-12-03 08:59:43,034 INFO 	Eval, eval loss: 0.743694186211, acc: 0.487805
2022-12-03 09:05:37,536 INFO 	iter: 1080, batch loss: 0.82069671154, batch acc: 0.656250
2022-12-03 09:08:43,279 INFO 	Eval, eval loss: 0.742676854134, acc: 0.487805
2022-12-03 09:10:12,842 INFO Epoch: loss: 0.771544, acc: 0.516532
2022-12-03 09:10:12,843 INFO Epoch: 8/15 start
2022-12-03 09:16:17,388 INFO 	iter: 1100, batch loss: 0.788813710213, batch acc: 0.468750
2022-12-03 09:19:22,925 INFO 	Eval, eval loss: 0.741769552231, acc: 0.487805
2022-12-03 09:25:49,801 INFO 	iter: 1120, batch loss: 0.761749505997, batch acc: 0.531250
2022-12-03 09:28:56,759 INFO 	Eval, eval loss: 0.73926782608, acc: 0.487805
2022-12-03 09:35:18,481 INFO 	iter: 1140, batch loss: 0.733595371246, batch acc: 0.593750
2022-12-03 09:38:36,739 INFO 	Eval, eval loss: 0.737500011921, acc: 0.487805
2022-12-03 09:45:03,187 INFO 	iter: 1160, batch loss: 0.747018158436, batch acc: 0.531250
2022-12-03 09:48:21,967 INFO 	Eval, eval loss: 0.736694812775, acc: 0.487805
2022-12-03 09:54:49,220 INFO 	iter: 1180, batch loss: 0.745698332787, batch acc: 0.406250
2022-12-03 09:58:09,923 INFO 	Eval, eval loss: 0.740718305111, acc: 0.487805
2022-12-03 10:04:31,597 INFO 	iter: 1200, batch loss: 0.764035701752, batch acc: 0.437500
2022-12-03 10:07:52,055 INFO 	Eval, eval loss: 0.736494958401, acc: 0.487805
2022-12-03 10:14:10,901 INFO 	iter: 1220, batch loss: 0.743317484856, batch acc: 0.625000
2022-12-03 10:17:33,202 INFO 	Eval, eval loss: 0.736659944057, acc: 0.487805
2022-12-03 10:23:48,301 INFO 	iter: 1240, batch loss: 0.774091422558, batch acc: 0.562500
2022-12-03 10:27:10,671 INFO 	Eval, eval loss: 0.739033460617, acc: 0.487805
2022-12-03 10:27:11,261 INFO Epoch: loss: 0.762309, acc: 0.518347
2022-12-03 10:27:11,261 INFO Epoch: 9/15 start
2022-12-03 10:35:20,962 INFO 	iter: 1260, batch loss: 0.72800219059, batch acc: 0.531250
2022-12-03 10:38:43,560 INFO 	Eval, eval loss: 0.736334681511, acc: 0.487805
2022-12-03 10:45:40,560 INFO 	iter: 1280, batch loss: 0.807037115097, batch acc: 0.468750
2022-12-03 10:49:07,558 INFO 	Eval, eval loss: 0.731688201427, acc: 0.487805
2022-12-03 10:55:49,401 INFO 	iter: 1300, batch loss: 0.776422560215, batch acc: 0.406250
2022-12-03 10:59:17,099 INFO 	Eval, eval loss: 0.731075644493, acc: 0.487805
2022-12-03 11:05:58,589 INFO 	iter: 1320, batch loss: 0.747316002846, batch acc: 0.562500
2022-12-03 11:09:26,052 INFO 	Eval, eval loss: 0.730573117733, acc: 0.487805
2022-12-03 11:15:59,706 INFO 	iter: 1340, batch loss: 0.776179552078, batch acc: 0.437500
2022-12-03 11:19:29,746 INFO 	Eval, eval loss: 0.730153262615, acc: 0.487805
2022-12-03 11:25:58,252 INFO 	iter: 1360, batch loss: 0.794812679291, batch acc: 0.343750
2022-12-03 11:29:27,772 INFO 	Eval, eval loss: 0.729961037636, acc: 0.487805
2022-12-03 11:35:58,965 INFO 	iter: 1380, batch loss: 0.795015394688, batch acc: 0.343750
2022-12-03 11:39:29,503 INFO 	Eval, eval loss: 0.732035219669, acc: 0.487805
2022-12-03 11:44:21,196 INFO Epoch: loss: 0.756732, acc: 0.517944
2022-12-03 11:44:21,196 INFO Epoch: 10/15 start
2022-12-03 11:46:58,894 INFO 	iter: 1400, batch loss: 0.739179372787, batch acc: 0.625000
2022-12-03 11:50:30,208 INFO 	Eval, eval loss: 0.756345450878, acc: 0.487805
2022-12-03 11:58:02,082 INFO 	iter: 1420, batch loss: 0.758671343327, batch acc: 0.531250
2022-12-03 12:01:31,838 INFO 	Eval, eval loss: 0.734553039074, acc: 0.487805
2022-12-03 12:08:28,391 INFO 	iter: 1440, batch loss: 0.738161206245, batch acc: 0.562500
2022-12-03 12:12:01,187 INFO 	Eval, eval loss: 0.730376958847, acc: 0.487805
2022-12-03 12:18:49,302 INFO 	iter: 1460, batch loss: 0.783859848976, batch acc: 0.375000
2022-12-03 12:22:21,751 INFO 	Eval, eval loss: 0.725995779037, acc: 0.487805
2022-12-03 12:28:58,809 INFO 	iter: 1480, batch loss: 0.721883296967, batch acc: 0.593750
2022-12-03 12:32:33,312 INFO 	Eval, eval loss: 0.723900079727, acc: 0.487805
2022-12-03 12:39:09,462 INFO 	iter: 1500, batch loss: 0.719129681587, batch acc: 0.625000
2022-12-03 12:42:43,464 INFO 	Eval, eval loss: 0.723715662956, acc: 0.487805
2022-12-03 12:49:11,800 INFO 	iter: 1520, batch loss: 0.720591187477, batch acc: 0.593750
2022-12-03 12:52:47,701 INFO 	Eval, eval loss: 0.725701987743, acc: 0.487805
2022-12-03 12:59:21,207 INFO 	iter: 1540, batch loss: 0.795033931732, batch acc: 0.406250
2022-12-03 13:02:58,294 INFO 	Eval, eval loss: 0.732440173626, acc: 0.487805
2022-12-03 13:06:15,769 INFO Epoch: loss: 0.749721, acc: 0.517339
2022-12-03 13:06:15,770 INFO Epoch: 11/15 start
2022-12-03 13:10:56,914 INFO 	iter: 1560, batch loss: 0.786911010742, batch acc: 0.531250
2022-12-03 13:14:35,081 INFO 	Eval, eval loss: 0.747451722622, acc: 0.487805
2022-12-03 13:21:48,256 INFO 	iter: 1580, batch loss: 0.723419308662, batch acc: 0.625000
2022-12-03 13:25:24,944 INFO 	Eval, eval loss: 0.732746601105, acc: 0.487805
2022-12-03 13:32:16,759 INFO 	iter: 1600, batch loss: 0.745274662971, batch acc: 0.468750
2022-12-03 13:35:47,225 INFO 	Eval, eval loss: 0.725795686245, acc: 0.487805
2022-12-03 13:42:17,400 INFO 	iter: 1620, batch loss: 0.766893923283, batch acc: 0.375000
2022-12-03 13:46:00,095 INFO 	Eval, eval loss: 0.725647330284, acc: 0.487805
2022-12-03 13:52:38,486 INFO 	iter: 1640, batch loss: 0.759813427925, batch acc: 0.406250
2022-12-03 13:56:18,625 INFO 	Eval, eval loss: 0.723427832127, acc: 0.487805
2022-12-03 14:02:50,172 INFO 	iter: 1660, batch loss: 0.727957010269, batch acc: 0.531250
2022-12-03 14:06:30,678 INFO 	Eval, eval loss: 0.722948431969, acc: 0.487805
2022-12-03 14:12:57,619 INFO 	iter: 1680, batch loss: 0.768602132797, batch acc: 0.468750
2022-12-03 14:16:39,225 INFO 	Eval, eval loss: 0.72444319725, acc: 0.487805
2022-12-03 14:23:05,118 INFO 	iter: 1700, batch loss: 0.746812820435, batch acc: 0.437500
2022-12-03 14:26:47,783 INFO 	Eval, eval loss: 0.72754830122, acc: 0.487805
2022-12-03 14:28:24,261 INFO Epoch: loss: 0.750486, acc: 0.517339
2022-12-03 14:28:24,261 INFO Epoch: 12/15 start
2022-12-03 14:34:54,499 INFO 	iter: 1720, batch loss: 0.744588732719, batch acc: 0.562500
2022-12-03 14:38:37,644 INFO 	Eval, eval loss: 0.727289736271, acc: 0.487805
2022-12-03 14:45:43,096 INFO 	iter: 1740, batch loss: 0.766088604927, batch acc: 0.531250
2022-12-03 14:49:27,066 INFO 	Eval, eval loss: 0.723053455353, acc: 0.487805
2022-12-03 14:56:15,232 INFO 	iter: 1760, batch loss: 0.704949319363, batch acc: 0.562500
2022-12-03 15:00:00,467 INFO 	Eval, eval loss: 0.72381901741, acc: 0.487805
2022-12-03 15:06:37,926 INFO 	iter: 1780, batch loss: 0.745735287666, batch acc: 0.406250
2022-12-03 15:10:23,896 INFO 	Eval, eval loss: 0.726743400097, acc: 0.487805
2022-12-03 15:17:00,552 INFO 	iter: 1800, batch loss: 0.76456964016, batch acc: 0.468750
2022-12-03 15:20:47,008 INFO 	Eval, eval loss: 0.725735068321, acc: 0.487805
2022-12-03 15:27:19,244 INFO 	iter: 1820, batch loss: 0.849497497082, batch acc: 0.531250
2022-12-03 15:31:07,534 INFO 	Eval, eval loss: 0.732695698738, acc: 0.487805
2022-12-03 15:37:37,498 INFO 	iter: 1840, batch loss: 0.805762290955, batch acc: 0.343750
2022-12-03 15:41:26,397 INFO 	Eval, eval loss: 0.735324203968, acc: 0.487805
2022-12-03 15:47:52,858 INFO 	iter: 1860, batch loss: 0.800044894218, batch acc: 0.687500
2022-12-03 15:51:42,214 INFO 	Eval, eval loss: 0.725719332695, acc: 0.487805
2022-12-03 15:51:42,856 INFO Epoch: loss: 0.750638, acc: 0.517137
2022-12-03 15:51:42,856 INFO Epoch: 13/15 start
2022-12-03 16:00:09,094 INFO 	iter: 1880, batch loss: 0.736503720284, batch acc: 0.562500
2022-12-03 16:03:59,224 INFO 	Eval, eval loss: 0.726351201534, acc: 0.487805
2022-12-03 16:11:00,098 INFO 	iter: 1900, batch loss: 0.736203968525, batch acc: 0.593750
2022-12-03 16:14:51,793 INFO 	Eval, eval loss: 0.724685549736, acc: 0.487805
2022-12-03 16:21:38,254 INFO 	iter: 1920, batch loss: 0.724633216858, batch acc: 0.500000
2022-12-03 16:25:30,269 INFO 	Eval, eval loss: 0.721719443798, acc: 0.487805
2022-12-03 16:32:11,293 INFO 	iter: 1940, batch loss: 0.738931298256, batch acc: 0.593750
2022-12-03 16:36:04,255 INFO 	Eval, eval loss: 0.741306841373, acc: 0.487805
2022-12-03 16:42:42,248 INFO 	iter: 1960, batch loss: 0.769508004189, batch acc: 0.468750
2022-12-03 16:46:36,206 INFO 	Eval, eval loss: 0.758409261703, acc: 0.487805
2022-12-03 16:53:08,684 INFO 	iter: 1980, batch loss: 0.774427056313, batch acc: 0.562500
2022-12-03 16:57:03,249 INFO 	Eval, eval loss: 0.746002435684, acc: 0.487805
2022-12-03 17:03:39,877 INFO 	iter: 2000, batch loss: 0.765854358673, batch acc: 0.562500
2022-12-03 17:07:34,869 INFO 	Eval, eval loss: 0.729252278805, acc: 0.487805
2022-12-03 17:12:29,625 INFO Epoch: loss: 0.761624, acc: 0.517742
2022-12-03 17:12:29,625 INFO Epoch: 14/15 start
2022-12-03 17:15:04,188 INFO 	iter: 2020, batch loss: 0.75442814827, batch acc: 0.531250
2022-12-03 17:19:00,153 INFO 	Eval, eval loss: 0.722909510136, acc: 0.487805
2022-12-03 17:26:38,204 INFO 	iter: 2040, batch loss: 0.774394989014, batch acc: 0.343750
2022-12-03 17:30:35,499 INFO 	Eval, eval loss: 0.729000329971, acc: 0.487805
2022-12-03 17:37:35,222 INFO 	iter: 2060, batch loss: 0.774976015091, batch acc: 0.500000
2022-12-03 17:41:33,762 INFO 	Eval, eval loss: 0.723784565926, acc: 0.487805
2022-12-03 17:48:15,507 INFO 	iter: 2080, batch loss: 0.735806524754, batch acc: 0.468750
2022-12-03 17:52:14,529 INFO 	Eval, eval loss: 0.725291013718, acc: 0.487805
2022-12-03 17:58:56,653 INFO 	iter: 2100, batch loss: 0.758310317993, batch acc: 0.437500
2022-12-03 18:02:56,357 INFO 	Eval, eval loss: 0.72231221199, acc: 0.487805
2022-12-03 18:09:34,112 INFO 	iter: 2120, batch loss: 0.731888532639, batch acc: 0.656250
2022-12-03 18:13:34,996 INFO 	Eval, eval loss: 0.718712747097, acc: 0.487805
2022-12-03 18:20:06,750 INFO 	iter: 2140, batch loss: 0.770287632942, batch acc: 0.500000
2022-12-03 18:24:08,498 INFO 	Eval, eval loss: 0.716564118862, acc: 0.487805
2022-12-03 18:30:39,418 INFO 	iter: 2160, batch loss: 0.745741486549, batch acc: 0.625000
2022-12-03 18:34:41,608 INFO 	Eval, eval loss: 0.721953332424, acc: 0.487805
2022-12-03 18:37:58,759 INFO Epoch: loss: 0.743492, acc: 0.516734
2022-12-03 18:37:58,759 INFO Epoch: 15/15 start
2022-12-03 18:42:35,294 INFO 	iter: 2180, batch loss: 0.711439967155, batch acc: 0.593750
2022-12-03 18:46:38,405 INFO 	Eval, eval loss: 0.721752524376, acc: 0.487805
2022-12-03 18:54:08,892 INFO 	iter: 2200, batch loss: 0.723803639412, batch acc: 0.562500
2022-12-03 18:58:13,188 INFO 	Eval, eval loss: 0.726850509644, acc: 0.487805
2022-12-03 19:05:06,697 INFO 	iter: 2220, batch loss: 0.772570252419, batch acc: 0.437500
2022-12-03 19:09:11,727 INFO 	Eval, eval loss: 0.720053076744, acc: 0.487805
2022-12-03 19:15:57,852 INFO 	iter: 2240, batch loss: 0.715583205223, batch acc: 0.562500
2022-12-03 19:20:03,574 INFO 	Eval, eval loss: 0.716154575348, acc: 0.487805
2022-12-03 19:26:43,253 INFO 	iter: 2260, batch loss: 0.711076319218, batch acc: 0.343750
2022-12-03 19:30:49,804 INFO 	Eval, eval loss: 0.715817034245, acc: 0.487805
2022-12-03 19:37:25,369 INFO 	iter: 2280, batch loss: 0.722306132317, batch acc: 0.656250
2022-12-03 19:41:32,586 INFO 	Eval, eval loss: 0.714496612549, acc: 0.487805
2022-12-03 19:48:08,120 INFO 	iter: 2300, batch loss: 0.745056152344, batch acc: 0.406250
2022-12-03 19:52:16,045 INFO 	Eval, eval loss: 0.717940926552, acc: 0.487805
2022-12-03 19:58:53,829 INFO 	iter: 2320, batch loss: 0.801403224468, batch acc: 0.593750
2022-12-03 20:03:02,992 INFO 	Eval, eval loss: 0.726466834545, acc: 0.487805
2022-12-03 20:04:41,113 INFO Epoch: loss: 0.739399, acc: 0.516734
2022-12-03 20:04:41,949 INFO Model: all_days-5.msgs-30-words-40_word_embed-glove.vmd_in-hedge_alpha-0.5.anneal-0.005.rec-zh_batch-32.opt-adam.lr-0.001-drop-0.3-cell-gru, session restored!
2022-12-03 20:10:55,069 INFO 	Eval, eval loss: 0.736546278, acc: 0.574405
